# JRE version: OpenJDK Runtime Environment Corretto-11.0.18.10.1 (11.0.18+10) (build 11.0.18+10-LTS)
# Java VM: OpenJDK 64-Bit Server VM Corretto-11.0.18.10.1 (11.0.18+10-LTS, mixed mode, tiered, compressed oops, g1 gc, windows-amd64)
Heap:
 garbage-first heap   total 524288K, used 315204K [0x0000000601e00000, 0x0000000800000000)
  region size 2048K, 153 young (313344K), 4 survivors (8192K)
 Metaspace       used 15029K, capacity 15284K, committed 15616K, reserved 1062912K
  class space    used 1075K, capacity 1171K, committed 1280K, reserved 1048576K
GC Heap History (20 events):
Event: 969.305 GC heap after
{Heap after GC invocations=144 (full 0):
 garbage-first heap   total 524288K, used 10162K [0x0000000601e00000, 0x0000000800000000)
  region size 2048K, 4 young (8192K), 4 survivors (8192K)
 Metaspace       used 15029K, capacity 15284K, committed 15616K, reserved 1062912K
  class space    used 1075K, capacity 1171K, committed 1280K, reserved 1048576K
}
Event: 976.156 GC heap before
{Heap before GC invocations=144 (full 0):
 garbage-first heap   total 524288K, used 315314K [0x0000000601e00000, 0x0000000800000000)
  region size 2048K, 153 young (313344K), 4 survivors (8192K)
 Metaspace       used 15029K, capacity 15284K, committed 15616K, reserved 1062912K
  class space    used 1075K, capacity 1171K, committed 1280K, reserved 1048576K
}
Event: 976.175 GC heap after
{Heap after GC invocations=145 (full 0):
 garbage-first heap   total 524288K, used 10052K [0x0000000601e00000, 0x0000000800000000)
  region size 2048K, 4 young (8192K), 4 survivors (8192K)
 Metaspace       used 15029K, capacity 15284K, committed 15616K, reserved 1062912K
  class space    used 1075K, capacity 1171K, committed 1280K, reserved 1048576K
}
Event: 982.926 GC heap before
{Heap before GC invocations=145 (full 0):
 garbage-first heap   total 524288K, used 315204K [0x0000000601e00000, 0x0000000800000000)
  region size 2048K, 153 young (313344K), 4 survivors (8192K)
 Metaspace       used 15029K, capacity 15284K, committed 15616K, reserved 1062912K
  class space    used 1075K, capacity 1171K, committed 1280K, reserved 1048576K
}
Event: 982.944 GC heap after
{Heap after GC invocations=146 (full 0):
 garbage-first heap   total 524288K, used 9941K [0x0000000601e00000, 0x0000000800000000)
  region size 2048K, 4 young (8192K), 4 survivors (8192K)
 Metaspace       used 15029K, capacity 15284K, committed 15616K, reserved 1062912K
  class space    used 1075K, capacity 1171K, committed 1280K, reserved 1048576K
}
Event: 989.583 GC heap before
{Heap before GC invocations=146 (full 0):
 garbage-first heap   total 524288K, used 315093K [0x0000000601e00000, 0x0000000800000000)
  region size 2048K, 153 young (313344K), 4 survivors (8192K)
 Metaspace       used 15029K, capacity 15284K, committed 15616K, reserved 1062912K
  class space    used 1075K, capacity 1171K, committed 1280K, reserved 1048576K
}
Event: 989.602 GC heap after
{Heap after GC invocations=147 (full 0):
 garbage-first heap   total 524288K, used 10052K [0x0000000601e00000, 0x0000000800000000)
  region size 2048K, 4 young (8192K), 4 survivors (8192K)
 Metaspace       used 15029K, capacity 15284K, committed 15616K, reserved 1062912K
  class space    used 1075K, capacity 1171K, committed 1280K, reserved 1048576K
}
Event: 996.299 GC heap before
{Heap before GC invocations=147 (full 0):
 garbage-first heap   total 524288K, used 315204K [0x0000000601e00000, 0x0000000800000000)
  region size 2048K, 153 young (313344K), 4 survivors (8192K)
 Metaspace       used 15029K, capacity 15284K, committed 15616K, reserved 1062912K
  class space    used 1075K, capacity 1171K, committed 1280K, reserved 1048576K
}
Event: 996.317 GC heap after
{Heap after GC invocations=148 (full 0):
 garbage-first heap   total 524288K, used 10162K [0x0000000601e00000, 0x0000000800000000)
  region size 2048K, 4 young (8192K), 4 survivors (8192K)
 Metaspace       used 15029K, capacity 15284K, committed 15616K, reserved 1062912K
  class space    used 1075K, capacity 1171K, committed 1280K, reserved 1048576K
}
Event: 1002.969 GC heap before
{Heap before GC invocations=148 (full 0):
 garbage-first heap   total 524288K, used 315314K [0x0000000601e00000, 0x0000000800000000)
  region size 2048K, 153 young (313344K), 4 survivors (8192K)
 Metaspace       used 15029K, capacity 15284K, committed 15616K, reserved 1062912K
  class space    used 1075K, capacity 1171K, committed 1280K, reserved 1048576K
}
Event: 1002.987 GC heap after
{Heap after GC invocations=149 (full 0):
 garbage-first heap   total 524288K, used 9941K [0x0000000601e00000, 0x0000000800000000)
  region size 2048K, 4 young (8192K), 4 survivors (8192K)
 Metaspace       used 15029K, capacity 15284K, committed 15616K, reserved 1062912K
  class space    used 1075K, capacity 1171K, committed 1280K, reserved 1048576K
}
Event: 1009.601 GC heap before
{Heap before GC invocations=149 (full 0):
 garbage-first heap   total 524288K, used 315093K [0x0000000601e00000, 0x0000000800000000)
  region size 2048K, 153 young (313344K), 4 survivors (8192K)
 Metaspace       used 15029K, capacity 15284K, committed 15616K, reserved 1062912K
  class space    used 1075K, capacity 1171K, committed 1280K, reserved 1048576K
}
Event: 1009.618 GC heap after
{Heap after GC invocations=150 (full 0):
 garbage-first heap   total 524288K, used 9830K [0x0000000601e00000, 0x0000000800000000)
  region size 2048K, 4 young (8192K), 4 survivors (8192K)
 Metaspace       used 15029K, capacity 15284K, committed 15616K, reserved 1062912K
  class space    used 1075K, capacity 1171K, committed 1280K, reserved 1048576K
}
Event: 1016.243 GC heap before
{Heap before GC invocations=150 (full 0):
 garbage-first heap   total 524288K, used 314982K [0x0000000601e00000, 0x0000000800000000)
  region size 2048K, 153 young (313344K), 4 survivors (8192K)
 Metaspace       used 15029K, capacity 15284K, committed 15616K, reserved 1062912K
  class space    used 1075K, capacity 1171K, committed 1280K, reserved 1048576K
}
Event: 1016.260 GC heap after
{Heap after GC invocations=151 (full 0):
 garbage-first heap   total 524288K, used 10163K [0x0000000601e00000, 0x0000000800000000)
  region size 2048K, 4 young (8192K), 4 survivors (8192K)
 Metaspace       used 15029K, capacity 15284K, committed 15616K, reserved 1062912K
  class space    used 1075K, capacity 1171K, committed 1280K, reserved 1048576K
}
Event: 1022.912 GC heap before
{Heap before GC invocations=151 (full 0):
 garbage-first heap   total 524288K, used 315315K [0x0000000601e00000, 0x0000000800000000)
  region size 2048K, 153 young (313344K), 4 survivors (8192K)
 Metaspace       used 15029K, capacity 15284K, committed 15616K, reserved 1062912K
  class space    used 1075K, capacity 1171K, committed 1280K, reserved 1048576K
}
Event: 1022.930 GC heap after
{Heap after GC invocations=152 (full 0):
 garbage-first heap   total 524288K, used 10052K [0x0000000601e00000, 0x0000000800000000)
  region size 2048K, 4 young (8192K), 4 survivors (8192K)
 Metaspace       used 15029K, capacity 15284K, committed 15616K, reserved 1062912K
  class space    used 1075K, capacity 1171K, committed 1280K, reserved 1048576K
}
Event: 1029.523 GC heap before
{Heap before GC invocations=152 (full 0):
 garbage-first heap   total 524288K, used 315204K [0x0000000601e00000, 0x0000000800000000)
  region size 2048K, 153 young (313344K), 4 survivors (8192K)
 Metaspace       used 15029K, capacity 15284K, committed 15616K, reserved 1062912K
  class space    used 1075K, capacity 1171K, committed 1280K, reserved 1048576K
}
Event: 1029.541 GC heap after
{Heap after GC invocations=153 (full 0):
 garbage-first heap   total 524288K, used 10052K [0x0000000601e00000, 0x0000000800000000)
  region size 2048K, 4 young (8192K), 4 survivors (8192K)
 Metaspace       used 15029K, capacity 15284K, committed 15616K, reserved 1062912K
  class space    used 1075K, capacity 1171K, committed 1280K, reserved 1048576K
}
Event: 1036.146 GC heap before
{Heap before GC invocations=153 (full 0):
 garbage-first heap   total 524288K, used 315204K [0x0000000601e00000, 0x0000000800000000)
  region size 2048K, 153 young (313344K), 4 survivors (8192K)
 Metaspace       used 15029K, capacity 15284K, committed 15616K, reserved 1062912K
  class space    used 1075K, capacity 1171K, committed 1280K, reserved 1048576K
}

