# JRE version: OpenJDK Runtime Environment Corretto-11.0.18.10.1 (11.0.18+10) (build 11.0.18+10-LTS)
# Java VM: OpenJDK 64-Bit Server VM Corretto-11.0.18.10.1 (11.0.18+10-LTS, mixed mode, tiered, compressed oops, g1 gc, windows-amd64)
Heap:
 garbage-first heap   total 524288K, used 313344K [0x0000000601e00000, 0x0000000800000000)
  region size 2048K, 154 young (315392K), 5 survivors (10240K)
 Metaspace       used 14779K, capacity 15055K, committed 15232K, reserved 1062912K
  class space    used 1048K, capacity 1135K, committed 1152K, reserved 1048576K
GC Heap History (17 events):
Event: 0.911 GC heap before
{Heap before GC invocations=0 (full 0):
 garbage-first heap   total 524288K, used 24576K [0x0000000601e00000, 0x0000000800000000)
  region size 2048K, 12 young (24576K), 0 survivors (0K)
 Metaspace       used 14663K, capacity 14917K, committed 15232K, reserved 1062912K
  class space    used 1044K, capacity 1132K, committed 1152K, reserved 1048576K
}
Event: 0.913 GC heap after
{Heap after GC invocations=1 (full 0):
 garbage-first heap   total 524288K, used 2807K [0x0000000601e00000, 0x0000000800000000)
  region size 2048K, 2 young (4096K), 2 survivors (4096K)
 Metaspace       used 14663K, capacity 14917K, committed 15232K, reserved 1062912K
  class space    used 1044K, capacity 1132K, committed 1152K, reserved 1048576K
}
Event: 11.010 GC heap before
{Heap before GC invocations=1 (full 0):
 garbage-first heap   total 524288K, used 312055K [0x0000000601e00000, 0x0000000800000000)
  region size 2048K, 153 young (313344K), 2 survivors (4096K)
 Metaspace       used 14772K, capacity 15051K, committed 15232K, reserved 1062912K
  class space    used 1047K, capacity 1134K, committed 1152K, reserved 1048576K
}
Event: 11.027 GC heap after
{Heap after GC invocations=2 (full 0):
 garbage-first heap   total 524288K, used 7937K [0x0000000601e00000, 0x0000000800000000)
  region size 2048K, 4 young (8192K), 4 survivors (8192K)
 Metaspace       used 14772K, capacity 15051K, committed 15232K, reserved 1062912K
  class space    used 1047K, capacity 1134K, committed 1152K, reserved 1048576K
}
Event: 20.833 GC heap before
{Heap before GC invocations=2 (full 0):
 garbage-first heap   total 524288K, used 313089K [0x0000000601e00000, 0x0000000800000000)
  region size 2048K, 153 young (313344K), 4 survivors (8192K)
 Metaspace       used 14775K, capacity 15051K, committed 15232K, reserved 1062912K
  class space    used 1047K, capacity 1134K, committed 1152K, reserved 1048576K
}
Event: 20.849 GC heap after
{Heap after GC invocations=3 (full 0):
 garbage-first heap   total 524288K, used 8380K [0x0000000601e00000, 0x0000000800000000)
  region size 2048K, 5 young (10240K), 5 survivors (10240K)
 Metaspace       used 14775K, capacity 15051K, committed 15232K, reserved 1062912K
  class space    used 1047K, capacity 1134K, committed 1152K, reserved 1048576K
}
Event: 30.438 GC heap before
{Heap before GC invocations=3 (full 0):
 garbage-first heap   total 524288K, used 311484K [0x0000000601e00000, 0x0000000800000000)
  region size 2048K, 153 young (313344K), 5 survivors (10240K)
 Metaspace       used 14775K, capacity 15051K, committed 15232K, reserved 1062912K
  class space    used 1047K, capacity 1134K, committed 1152K, reserved 1048576K
}
Event: 30.453 GC heap after
{Heap after GC invocations=4 (full 0):
 garbage-first heap   total 524288K, used 8192K [0x0000000601e00000, 0x0000000800000000)
  region size 2048K, 4 young (8192K), 4 survivors (8192K)
 Metaspace       used 14775K, capacity 15051K, committed 15232K, reserved 1062912K
  class space    used 1047K, capacity 1134K, committed 1152K, reserved 1048576K
}
Event: 40.107 GC heap before
{Heap before GC invocations=4 (full 0):
 garbage-first heap   total 524288K, used 313344K [0x0000000601e00000, 0x0000000800000000)
  region size 2048K, 153 young (313344K), 4 survivors (8192K)
 Metaspace       used 14779K, capacity 15055K, committed 15232K, reserved 1062912K
  class space    used 1048K, capacity 1135K, committed 1152K, reserved 1048576K
}
Event: 40.123 GC heap after
{Heap after GC invocations=5 (full 0):
 garbage-first heap   total 524288K, used 8420K [0x0000000601e00000, 0x0000000800000000)
  region size 2048K, 5 young (10240K), 5 survivors (10240K)
 Metaspace       used 14779K, capacity 15055K, committed 15232K, reserved 1062912K
  class space    used 1048K, capacity 1135K, committed 1152K, reserved 1048576K
}
Event: 49.736 GC heap before
{Heap before GC invocations=5 (full 0):
 garbage-first heap   total 524288K, used 311524K [0x0000000601e00000, 0x0000000800000000)
  region size 2048K, 153 young (313344K), 5 survivors (10240K)
 Metaspace       used 14779K, capacity 15055K, committed 15232K, reserved 1062912K
  class space    used 1048K, capacity 1135K, committed 1152K, reserved 1048576K
}
Event: 49.751 GC heap after
{Heap after GC invocations=6 (full 0):
 garbage-first heap   total 524288K, used 8309K [0x0000000601e00000, 0x0000000800000000)
  region size 2048K, 5 young (10240K), 5 survivors (10240K)
 Metaspace       used 14779K, capacity 15055K, committed 15232K, reserved 1062912K
  class space    used 1048K, capacity 1135K, committed 1152K, reserved 1048576K
}
Event: 59.474 GC heap before
{Heap before GC invocations=6 (full 0):
 garbage-first heap   total 524288K, used 311413K [0x0000000601e00000, 0x0000000800000000)
  region size 2048K, 153 young (313344K), 5 survivors (10240K)
 Metaspace       used 14779K, capacity 15055K, committed 15232K, reserved 1062912K
  class space    used 1048K, capacity 1135K, committed 1152K, reserved 1048576K
}
Event: 59.489 GC heap after
{Heap after GC invocations=7 (full 0):
 garbage-first heap   total 524288K, used 8192K [0x0000000601e00000, 0x0000000800000000)
  region size 2048K, 4 young (8192K), 4 survivors (8192K)
 Metaspace       used 14779K, capacity 15055K, committed 15232K, reserved 1062912K
  class space    used 1048K, capacity 1135K, committed 1152K, reserved 1048576K
}
Event: 69.206 GC heap before
{Heap before GC invocations=7 (full 0):
 garbage-first heap   total 524288K, used 313344K [0x0000000601e00000, 0x0000000800000000)
  region size 2048K, 153 young (313344K), 4 survivors (8192K)
 Metaspace       used 14779K, capacity 15055K, committed 15232K, reserved 1062912K
  class space    used 1048K, capacity 1135K, committed 1152K, reserved 1048576K
}
Event: 69.221 GC heap after
{Heap after GC invocations=8 (full 0):
 garbage-first heap   total 524288K, used 8192K [0x0000000601e00000, 0x0000000800000000)
  region size 2048K, 4 young (8192K), 4 survivors (8192K)
 Metaspace       used 14779K, capacity 15055K, committed 15232K, reserved 1062912K
  class space    used 1048K, capacity 1135K, committed 1152K, reserved 1048576K
}
Event: 78.939 GC heap before
{Heap before GC invocations=8 (full 0):
 garbage-first heap   total 524288K, used 313344K [0x0000000601e00000, 0x0000000800000000)
  region size 2048K, 153 young (313344K), 4 survivors (8192K)
 Metaspace       used 14779K, capacity 15055K, committed 15232K, reserved 1062912K
  class space    used 1048K, capacity 1135K, committed 1152K, reserved 1048576K
}

